0 info it worked if it ends with ok
1 verbose cli [ '/usr/bin/node', '/usr/bin/npm', 'install', '-g', 'n' ]
2 info using npm@3.5.2
3 info using node@v8.10.0
4 silly loadCurrentTree Starting
5 silly install loadCurrentTree
6 silly install readGlobalPackageData
7 silly fetchPackageMetaData n
8 silly fetchNamedPackageData n
9 silly mapToRegistry name n
10 silly mapToRegistry using default registry
11 silly mapToRegistry registry https://registry.npmjs.org/
12 silly mapToRegistry uri https://registry.npmjs.org/n
13 verbose request uri https://registry.npmjs.org/n
14 verbose request no auth needed
15 info attempt registry request try #1 at 1:47:40 AM
16 verbose request id d3abdcfa525262a2
17 http request GET https://registry.npmjs.org/n
18 http 200 https://registry.npmjs.org/n
19 verbose headers { date: 'Tue, 05 May 2020 20:17:42 GMT',
19 verbose headers   'content-type': 'application/json',
19 verbose headers   'transfer-encoding': 'chunked',
19 verbose headers   connection: 'keep-alive',
19 verbose headers   'set-cookie':
19 verbose headers    [ '__cfduid=da8ffcf18d36bb0f4d73b53bfa477d65b1588709862; expires=Thu, 04-Jun-20 20:17:42 GMT; path=/; domain=.npmjs.org; HttpOnly; SameSite=Lax' ],
19 verbose headers   'cf-ray': '58ed25804f47a9b2-SIN',
19 verbose headers   age: '182',
19 verbose headers   'cache-control': 'public, max-age=300',
19 verbose headers   etag: 'W/"6d55505ecd7288103ff31dfb3458227a"',
19 verbose headers   'last-modified': 'Sat, 11 Apr 2020 06:04:19 GMT',
19 verbose headers   vary: 'accept-encoding, accept',
19 verbose headers   'cf-cache-status': 'HIT',
19 verbose headers   'expect-ct': 'max-age=604800, report-uri="https://report-uri.cloudflare.com/cdn-cgi/beacon/expect-ct"',
19 verbose headers   server: 'cloudflare',
19 verbose headers   'content-encoding': 'gzip',
19 verbose headers   'cf-request-id': '028815c42d0000a9b2aa086200000001' }
20 silly get cb [ 200,
20 silly get   { date: 'Tue, 05 May 2020 20:17:42 GMT',
20 silly get     'content-type': 'application/json',
20 silly get     'transfer-encoding': 'chunked',
20 silly get     connection: 'keep-alive',
20 silly get     'set-cookie':
20 silly get      [ '__cfduid=da8ffcf18d36bb0f4d73b53bfa477d65b1588709862; expires=Thu, 04-Jun-20 20:17:42 GMT; path=/; domain=.npmjs.org; HttpOnly; SameSite=Lax' ],
20 silly get     'cf-ray': '58ed25804f47a9b2-SIN',
20 silly get     age: '182',
20 silly get     'cache-control': 'public, max-age=300',
20 silly get     etag: 'W/"6d55505ecd7288103ff31dfb3458227a"',
20 silly get     'last-modified': 'Sat, 11 Apr 2020 06:04:19 GMT',
20 silly get     vary: 'accept-encoding, accept',
20 silly get     'cf-cache-status': 'HIT',
20 silly get     'expect-ct': 'max-age=604800, report-uri="https://report-uri.cloudflare.com/cdn-cgi/beacon/expect-ct"',
20 silly get     server: 'cloudflare',
20 silly get     'content-encoding': 'gzip',
20 silly get     'cf-request-id': '028815c42d0000a9b2aa086200000001' } ]
21 verbose get saving n to /home/anonymous/.npm/registry.npmjs.org/n/.cache.json
22 silly install normalizeTree
23 silly loadCurrentTree Finishing
24 silly loadIdealTree Starting
25 silly install loadIdealTree
26 silly cloneCurrentTree Starting
27 silly install cloneCurrentTreeToIdealTree
28 silly cloneCurrentTree Finishing
29 silly loadShrinkwrap Starting
30 silly install loadShrinkwrap
31 silly loadShrinkwrap Finishing
32 silly loadAllDepsIntoIdealTree Starting
33 silly install loadAllDepsIntoIdealTree
34 silly resolveWithNewModule n@6.5.1 checking installable status
35 silly cache add args [ 'n', null ]
36 verbose cache add spec n
37 silly cache add parsed spec Result {
37 silly cache add   raw: 'n',
37 silly cache add   scope: null,
37 silly cache add   name: 'n',
37 silly cache add   rawSpec: '',
37 silly cache add   spec: 'latest',
37 silly cache add   type: 'tag' }
38 silly addNamed n@latest
39 verbose addNamed "latest" is being treated as a dist-tag for n
40 info addNameTag [ 'n', 'latest' ]
41 silly mapToRegistry name n
42 silly mapToRegistry using default registry
43 silly mapToRegistry registry https://registry.npmjs.org/
44 silly mapToRegistry uri https://registry.npmjs.org/n
45 verbose addNameTag registry:https://registry.npmjs.org/n not in flight; fetching
46 verbose get https://registry.npmjs.org/n not expired, no request
47 silly addNameTag next cb for n with tag latest
48 silly addNamed n@6.5.1
49 verbose addNamed "6.5.1" is a plain semver version for n
50 silly mapToRegistry name n
51 silly mapToRegistry using default registry
52 silly mapToRegistry registry https://registry.npmjs.org/
53 silly mapToRegistry uri https://registry.npmjs.org/n
54 verbose addRemoteTarball https://registry.npmjs.org/n/-/n-6.5.1.tgz not in flight; adding
55 verbose addRemoteTarball [ 'https://registry.npmjs.org/n/-/n-6.5.1.tgz',
55 verbose addRemoteTarball   '57e736d39994e1f5cc49f09fbd143d1e7d82118d' ]
56 info retry fetch attempt 1 at 1:47:42 AM
57 info attempt registry request try #1 at 1:47:42 AM
58 http fetch GET https://registry.npmjs.org/n/-/n-6.5.1.tgz
59 http fetch 200 https://registry.npmjs.org/n/-/n-6.5.1.tgz
60 silly fetchAndShaCheck shasum 57e736d39994e1f5cc49f09fbd143d1e7d82118d
61 verbose addTmpTarball /tmp/npm-1156-96214e67/registry.npmjs.org/n/-/n-6.5.1.tgz not in flight; adding
62 verbose addTmpTarball already have metadata; skipping unpack for n@6.5.1
63 silly cache afterAdd n@6.5.1
64 verbose afterAdd /home/anonymous/.npm/n/6.5.1/package/package.json not in flight; writing
65 verbose afterAdd /home/anonymous/.npm/n/6.5.1/package/package.json written
66 silly loadAllDepsIntoIdealTree Finishing
67 silly idealTree:prePrune lib
67 silly idealTree:prePrune └── n@6.5.1
68 silly loadIdealTree Finishing
69 silly currentTree lib
70 silly idealTree lib
70 silly idealTree └── n@6.5.1
71 silly generateActionsToTake Starting
72 silly install generateActionsToTake
73 warn checkPermissions Missing write access to /usr/local/lib/node_modules
74 silly rollbackFailedOptional Starting
75 silly rollbackFailedOptional Finishing
76 silly runTopLevelLifecycles Starting
77 silly runTopLevelLifecycles Finishing
78 silly install printInstalled
79 verbose stack Error: EACCES: permission denied, access '/usr/local/lib/node_modules'
80 verbose cwd /mnt/d/wd-archive/express-feedback-bot
81 error Linux 4.4.0-18362-Microsoft
82 error argv "/usr/bin/node" "/usr/bin/npm" "install" "-g" "n"
83 error node v8.10.0
84 error npm  v3.5.2
85 error path /usr/local/lib/node_modules
86 error code EACCES
87 error errno -13
88 error syscall access
89 error Error: EACCES: permission denied, access '/usr/local/lib/node_modules'
89 error  { Error: EACCES: permission denied, access '/usr/local/lib/node_modules'
89 error   errno: -13,
89 error   code: 'EACCES',
89 error   syscall: 'access',
89 error   path: '/usr/local/lib/node_modules' }
90 error Please try running this command again as root/Administrator.
91 verbose exit [ -13, true ]
